Using pre-set license
Built from '2020.2/release' branch; Version is '2020.2.2f1 (068178b99f32) revision 426360'; Using compiler version '192528614'; Build Type 'Release'
OS: 'Windows 10 Home; OS build 18363.1256; Version 1909; 64bit' Language: 'en' Physical Memory: 16111 MB
BatchMode: 1, IsHumanControllingUs: 0, StartBugReporterOnCrash: 0, Is64bit: 1, IsPro: 0

 COMMAND LINE ARGUMENTS:
C:\Program Files\Unity\Hub\Editor\2020.2.2f1\Editor\Unity.exe
-adb2
-batchMode
-noUpm
-name
AssetImportWorker1
-projectPath
C:/Users/megan/Development/00-PROJECTS/Grim/Grim
-logFile
Logs/AssetImportWorker1.log
-srvPort
55169
Successfully changed project path to: C:/Users/megan/Development/00-PROJECTS/Grim/Grim
C:/Users/megan/Development/00-PROJECTS/Grim/Grim
Using Asset Import Pipeline V2.
Refreshing native plugins compatible for Editor in 81.12 ms, found 1 plugins.
Preloading 0 native plugins for Editor in 0.00 ms.
Initialize engine version: 2020.2.2f1 (068178b99f32)
[Subsystems] Discovering subsystems at path C:/Program Files/Unity/Hub/Editor/2020.2.2f1/Editor/Data/Resources/UnitySubsystems
[Subsystems] Discovering subsystems at path C:/Users/megan/Development/00-PROJECTS/Grim/Grim/Assets
GfxDevice: creating device client; threaded=0
Direct3D:
    Version:  Direct3D 11.0 [level 11.1]
    Renderer: Intel(R) Iris(R) Plus Graphics 640 (ID=0x5926)
    Vendor:   
    VRAM:     8055 MB
    Driver:   26.20.100.7986
Initialize mono
Mono path[0] = 'C:/Program Files/Unity/Hub/Editor/2020.2.2f1/Editor/Data/Managed'
Mono path[1] = 'C:/Program Files/Unity/Hub/Editor/2020.2.2f1/Editor/Data/MonoBleedingEdge/lib/mono/unityjit'
Mono config path = 'C:/Program Files/Unity/Hub/Editor/2020.2.2f1/Editor/Data/MonoBleedingEdge/etc'
Using monoOptions --debugger-agent=transport=dt_socket,embedding=1,server=y,suspend=n,address=127.0.0.1:56840
Begin MonoManager ReloadAssembly
Registering precompiled unity dll's ...
Register platform support module: C:/Program Files/Unity/Hub/Editor/2020.2.2f1/Editor/Data/PlaybackEngines/WindowsStandaloneSupport/UnityEditor.WindowsStandalone.Extensions.dll
Registered in 0.006974 seconds.
Native extension for WindowsStandalone target not found
Refreshing native plugins compatible for Editor in 83.74 ms, found 1 plugins.
Preloading 0 native plugins for Editor in 0.00 ms.
Invoked RoslynAnalysisRunner static constructor.
RoslynAnalysisRunner will not be running.
RoslynAnalysisRunner has terminated.
Mono: successfully reloaded assembly
- Completed reload, in  2.977 seconds
Platform modules already initialized, skipping
Registering precompiled user dll's ...
Registered in 0.001599 seconds.
Begin MonoManager ReloadAssembly
Native extension for WindowsStandalone target not found
Refreshing native plugins compatible for Editor in 96.90 ms, found 1 plugins.
Preloading 0 native plugins for Editor in 0.00 ms.
Invoked RoslynAnalysisRunner static constructor.
RoslynAnalysisRunner will not be running.
RoslynAnalysisRunner has terminated.
Mono: successfully reloaded assembly
- Completed reload, in  3.339 seconds
Platform modules already initialized, skipping
========================================================================
Worker process is ready to serve import requests
Launched and connected shader compiler UnityShaderCompiler.exe after 0.28 seconds
Refreshing native plugins compatible for Editor in 0.80 ms, found 1 plugins.
Preloading 0 native plugins for Editor in 0.00 ms.
Unloading 1793 Unused Serialized files (Serialized files now loaded: 0)
System memory in use before: 84.3 MB.
System memory in use after: 84.2 MB.

Unloading 24 unused Assets to reduce memory usage. Loaded Objects now: 2234.
Total: 5.080800 ms (FindLiveObjects: 0.467000 ms CreateObjectMapping: 0.234900 ms MarkObjects: 4.129400 ms  DeleteObjects: 0.246500 ms)

========================================================================
Received Import Request.
  path: Assets/Scripts/PlayerMovement.cs
  artifactKey: Guid(22d0fa07c99143349973a070b2fbe4e3) Importer(815301076,1909f56bfc062723c751e8b465ee728b)
Start importing Assets/Scripts/PlayerMovement.cs using Guid(22d0fa07c99143349973a070b2fbe4e3) Importer(815301076,1909f56bfc062723c751e8b465ee728b)  -> (artifact id: '5bcafad3fba8a22cef933996ae7a7150') in 0.171225 seconds
  Import took 0.179973 seconds .

========================================================================
Received Import Request.
  Time since last request: 18.739374 seconds.
  path: Assets/Scripts
  artifactKey: Guid(f40cb16e9676d7b41a4431bcd186a6bc) Importer(815301076,1909f56bfc062723c751e8b465ee728b)
Start importing Assets/Scripts using Guid(f40cb16e9676d7b41a4431bcd186a6bc) Importer(815301076,1909f56bfc062723c751e8b465ee728b)  -> (artifact id: 'de1cffdbbd04aa1d30569a50d6bb5e58') in 0.033054 seconds
  Import took 0.046171 seconds .

========================================================================
Received Import Request.
  Time since last request: 0.021727 seconds.
  path: Assets/Scripts
  artifactKey: Guid(f40cb16e9676d7b41a4431bcd186a6bc) Importer(815301076,1909f56bfc062723c751e8b465ee728b)
Start importing Assets/Scripts using Guid(f40cb16e9676d7b41a4431bcd186a6bc) Importer(815301076,1909f56bfc062723c751e8b465ee728b)  -> (artifact id: 'de1cffdbbd04aa1d30569a50d6bb5e58') in 0.011364 seconds
  Import took 0.019286 seconds .

========================================================================
Received Prepare
Refreshing native plugins compatible for Editor in 1.85 ms, found 1 plugins.
Preloading 0 native plugins for Editor in 0.00 ms.
Unloading 11 Unused Serialized files (Serialized files now loaded: 0)
System memory in use before: 49.0 MB.
System memory in use after: 49.0 MB.

Unloading 10 unused Assets to reduce memory usage. Loaded Objects now: 2235.
Total: 5.073500 ms (FindLiveObjects: 0.348400 ms CreateObjectMapping: 0.150000 ms MarkObjects: 4.440900 ms  DeleteObjects: 0.132400 ms)

========================================================================
Received Import Request.
  Time since last request: 11.402436 seconds.
  path: Assets/Scripts/CameraMovement.cs
  artifactKey: Guid(54ce31699d08c8b4e8f8305c4c8d028f) Importer(815301076,1909f56bfc062723c751e8b465ee728b)
Start importing Assets/Scripts/CameraMovement.cs using Guid(54ce31699d08c8b4e8f8305c4c8d028f) Importer(815301076,1909f56bfc062723c751e8b465ee728b)  -> (artifact id: '11f81cf480713f8d567c47b3ae16a4e0') in 0.129812 seconds
  Import took 0.141708 seconds .

========================================================================
Received Import Request.
  Time since last request: 0.001745 seconds.
  path: Assets/Scripts/CameraMovement.cs
  artifactKey: Guid(54ce31699d08c8b4e8f8305c4c8d028f) Importer(815301076,1909f56bfc062723c751e8b465ee728b)
Start importing Assets/Scripts/CameraMovement.cs using Guid(54ce31699d08c8b4e8f8305c4c8d028f) Importer(815301076,1909f56bfc062723c751e8b465ee728b)  -> (artifact id: '11f81cf480713f8d567c47b3ae16a4e0') in 0.005132 seconds
  Import took 0.016754 seconds .

========================================================================
Received Prepare
Registering precompiled user dll's ...
Registered in 0.001173 seconds.
Begin MonoManager ReloadAssembly
Native extension for WindowsStandalone target not found
Refreshing native plugins compatible for Editor in 0.94 ms, found 1 plugins.
Preloading 0 native plugins for Editor in 0.00 ms.
Invoked RoslynAnalysisRunner static constructor.
RoslynAnalysisRunner will not be running.
RoslynAnalysisRunner has terminated.
Mono: successfully reloaded assembly
- Completed reload, in  1.803 seconds
Platform modules already initialized, skipping
Refreshing native plugins compatible for Editor in 0.39 ms, found 1 plugins.
Preloading 0 native plugins for Editor in 0.00 ms.
Unloading 1789 Unused Serialized files (Serialized files now loaded: 0)
System memory in use before: 84.4 MB.
System memory in use after: 84.4 MB.

Unloading 12 unused Assets to reduce memory usage. Loaded Objects now: 2238.
Total: 3.038800 ms (FindLiveObjects: 0.314200 ms CreateObjectMapping: 0.138100 ms MarkObjects: 2.434700 ms  DeleteObjects: 0.149800 ms)

========================================================================
Received Import Request.
  Time since last request: 207.310575 seconds.
  path: Assets/Scripts/CameraMovement.cs
  artifactKey: Guid(54ce31699d08c8b4e8f8305c4c8d028f) Importer(815301076,1909f56bfc062723c751e8b465ee728b)
Start importing Assets/Scripts/CameraMovement.cs using Guid(54ce31699d08c8b4e8f8305c4c8d028f) Importer(815301076,1909f56bfc062723c751e8b465ee728b)  -> (artifact id: '752d4c977da0fc94162867ea47e6b4c1') in 0.008974 seconds
  Import took 0.013808 seconds .

========================================================================
Received Prepare
Registering precompiled user dll's ...
Registered in 0.002469 seconds.
Begin MonoManager ReloadAssembly
Native extension for WindowsStandalone target not found
Refreshing native plugins compatible for Editor in 0.41 ms, found 1 plugins.
Preloading 0 native plugins for Editor in 0.00 ms.
Invoked RoslynAnalysisRunner static constructor.
RoslynAnalysisRunner will not be running.
RoslynAnalysisRunner has terminated.
Mono: successfully reloaded assembly
- Completed reload, in  0.888 seconds
Platform modules already initialized, skipping
Refreshing native plugins compatible for Editor in 0.38 ms, found 1 plugins.
Preloading 0 native plugins for Editor in 0.00 ms.
Unloading 1789 Unused Serialized files (Serialized files now loaded: 0)
System memory in use before: 84.5 MB.
System memory in use after: 84.5 MB.

Unloading 12 unused Assets to reduce memory usage. Loaded Objects now: 2241.
Total: 2.221800 ms (FindLiveObjects: 0.182800 ms CreateObjectMapping: 0.061000 ms MarkObjects: 1.873600 ms  DeleteObjects: 0.103300 ms)

========================================================================
Received Prepare
Registering precompiled user dll's ...
Registered in 0.001068 seconds.
Begin MonoManager ReloadAssembly
Native extension for WindowsStandalone target not found
Refreshing native plugins compatible for Editor in 0.85 ms, found 1 plugins.
Preloading 0 native plugins for Editor in 0.00 ms.
Invoked RoslynAnalysisRunner static constructor.
RoslynAnalysisRunner will not be running.
RoslynAnalysisRunner has terminated.
Mono: successfully reloaded assembly
- Completed reload, in  1.446 seconds
Platform modules already initialized, skipping
Refreshing native plugins compatible for Editor in 0.56 ms, found 1 plugins.
Preloading 0 native plugins for Editor in 0.00 ms.
Unloading 1789 Unused Serialized files (Serialized files now loaded: 0)
System memory in use before: 84.6 MB.
System memory in use after: 84.6 MB.

Unloading 12 unused Assets to reduce memory usage. Loaded Objects now: 2244.
Total: 3.360900 ms (FindLiveObjects: 0.226100 ms CreateObjectMapping: 0.086500 ms MarkObjects: 2.884500 ms  DeleteObjects: 0.161500 ms)

========================================================================
Received Prepare
Registering precompiled user dll's ...
Registered in 0.001073 seconds.
Begin MonoManager ReloadAssembly
Native extension for WindowsStandalone target not found
Refreshing native plugins compatible for Editor in 0.60 ms, found 1 plugins.
Preloading 0 native plugins for Editor in 0.00 ms.
Invoked RoslynAnalysisRunner static constructor.
RoslynAnalysisRunner will not be running.
RoslynAnalysisRunner has terminated.
Mono: successfully reloaded assembly
- Completed reload, in  1.381 seconds
Platform modules already initialized, skipping
Refreshing native plugins compatible for Editor in 0.46 ms, found 1 plugins.
Preloading 0 native plugins for Editor in 0.00 ms.
Unloading 1789 Unused Serialized files (Serialized files now loaded: 0)
System memory in use before: 84.6 MB.
System memory in use after: 84.6 MB.

Unloading 12 unused Assets to reduce memory usage. Loaded Objects now: 2247.
Total: 2.448400 ms (FindLiveObjects: 0.184800 ms CreateObjectMapping: 0.048200 ms MarkObjects: 2.103400 ms  DeleteObjects: 0.110200 ms)

========================================================================
Received Prepare
Registering precompiled user dll's ...
Registered in 0.002292 seconds.
Begin MonoManager ReloadAssembly
Native extension for WindowsStandalone target not found
Refreshing native plugins compatible for Editor in 1.08 ms, found 1 plugins.
Preloading 0 native plugins for Editor in 0.00 ms.
Invoked RoslynAnalysisRunner static constructor.
RoslynAnalysisRunner will not be running.
RoslynAnalysisRunner has terminated.
Mono: successfully reloaded assembly
- Completed reload, in  2.098 seconds
Platform modules already initialized, skipping
Refreshing native plugins compatible for Editor in 1.04 ms, found 1 plugins.
Preloading 0 native plugins for Editor in 0.00 ms.
Unloading 1789 Unused Serialized files (Serialized files now loaded: 0)
System memory in use before: 84.7 MB.
System memory in use after: 84.7 MB.

Unloading 12 unused Assets to reduce memory usage. Loaded Objects now: 2250.
Total: 6.506400 ms (FindLiveObjects: 0.786000 ms CreateObjectMapping: 0.329700 ms MarkObjects: 5.190700 ms  DeleteObjects: 0.196600 ms)

========================================================================
Received Prepare
Registering precompiled user dll's ...
Registered in 0.001129 seconds.
Begin MonoManager ReloadAssembly
Native extension for WindowsStandalone target not found
Refreshing native plugins compatible for Editor in 0.55 ms, found 1 plugins.
Preloading 0 native plugins for Editor in 0.00 ms.
Invoked RoslynAnalysisRunner static constructor.
RoslynAnalysisRunner will not be running.
RoslynAnalysisRunner has terminated.
Mono: successfully reloaded assembly
- Completed reload, in  1.573 seconds
Platform modules already initialized, skipping
Refreshing native plugins compatible for Editor in 0.79 ms, found 1 plugins.
Preloading 0 native plugins for Editor in 0.00 ms.
Unloading 1789 Unused Serialized files (Serialized files now loaded: 0)
System memory in use before: 84.8 MB.
System memory in use after: 84.8 MB.

Unloading 12 unused Assets to reduce memory usage. Loaded Objects now: 2253.
Total: 3.221100 ms (FindLiveObjects: 0.283700 ms CreateObjectMapping: 0.095100 ms MarkObjects: 2.670300 ms  DeleteObjects: 0.170200 ms)

========================================================================
Received Prepare
Registering precompiled user dll's ...
Registered in 0.001124 seconds.
Begin MonoManager ReloadAssembly
Native extension for WindowsStandalone target not found
Refreshing native plugins compatible for Editor in 0.80 ms, found 1 plugins.
Preloading 0 native plugins for Editor in 0.00 ms.
Invoked RoslynAnalysisRunner static constructor.
RoslynAnalysisRunner will not be running.
RoslynAnalysisRunner has terminated.
Mono: successfully reloaded assembly
- Completed reload, in  1.681 seconds
Platform modules already initialized, skipping
Refreshing native plugins compatible for Editor in 0.55 ms, found 1 plugins.
Preloading 0 native plugins for Editor in 0.00 ms.
Unloading 1789 Unused Serialized files (Serialized files now loaded: 0)
System memory in use before: 84.8 MB.
System memory in use after: 84.8 MB.

Unloading 12 unused Assets to reduce memory usage. Loaded Objects now: 2256.
Total: 2.751400 ms (FindLiveObjects: 0.212200 ms CreateObjectMapping: 0.075400 ms MarkObjects: 2.274900 ms  DeleteObjects: 0.187200 ms)

========================================================================
Received Prepare
Registering precompiled user dll's ...
Registered in 0.001069 seconds.
Begin MonoManager ReloadAssembly
Native extension for WindowsStandalone target not found
Refreshing native plugins compatible for Editor in 0.56 ms, found 1 plugins.
Preloading 0 native plugins for Editor in 0.00 ms.
Invoked RoslynAnalysisRunner static constructor.
RoslynAnalysisRunner will not be running.
RoslynAnalysisRunner has terminated.
Mono: successfully reloaded assembly
- Completed reload, in  1.756 seconds
Platform modules already initialized, skipping
Refreshing native plugins compatible for Editor in 0.95 ms, found 1 plugins.
Preloading 0 native plugins for Editor in 0.00 ms.
Unloading 1789 Unused Serialized files (Serialized files now loaded: 0)
System memory in use before: 84.9 MB.
System memory in use after: 84.9 MB.

Unloading 12 unused Assets to reduce memory usage. Loaded Objects now: 2259.
Total: 3.802000 ms (FindLiveObjects: 0.285000 ms CreateObjectMapping: 0.153400 ms MarkObjects: 3.153500 ms  DeleteObjects: 0.207500 ms)

========================================================================
Received Prepare
Registering precompiled user dll's ...
Registered in 0.001638 seconds.
Begin MonoManager ReloadAssembly
Native extension for WindowsStandalone target not found
Refreshing native plugins compatible for Editor in 0.70 ms, found 1 plugins.
Preloading 0 native plugins for Editor in 0.00 ms.
Invoked RoslynAnalysisRunner static constructor.
RoslynAnalysisRunner will not be running.
RoslynAnalysisRunner has terminated.
Mono: successfully reloaded assembly
- Completed reload, in  1.857 seconds
Platform modules already initialized, skipping
Refreshing native plugins compatible for Editor in 1.11 ms, found 1 plugins.
Preloading 0 native plugins for Editor in 0.00 ms.
Unloading 1789 Unused Serialized files (Serialized files now loaded: 0)
System memory in use before: 85.0 MB.
System memory in use after: 85.0 MB.

Unloading 12 unused Assets to reduce memory usage. Loaded Objects now: 2262.
Total: 5.256000 ms (FindLiveObjects: 0.460500 ms CreateObjectMapping: 0.150600 ms MarkObjects: 4.303100 ms  DeleteObjects: 0.337600 ms)

========================================================================
Received Import Request.
  Time since last request: 1452.244245 seconds.
  path: Assets/Scenes
  artifactKey: Guid(28469189fca0819448d65a45633b3444) Importer(815301076,1909f56bfc062723c751e8b465ee728b)
Start importing Assets/Scenes using Guid(28469189fca0819448d65a45633b3444) Importer(815301076,1909f56bfc062723c751e8b465ee728b)  -> (artifact id: 'a2e5ac2a3c72e1a1e52884e97530ecfd') in 0.049027 seconds
  Import took 0.062064 seconds .

========================================================================
Received Import Request.
  Time since last request: 13.588900 seconds.
  path: Assets/Scenes/HouseInterior.unity
  artifactKey: Guid(4ab97fad0d573c54eb3a6663af667971) Importer(815301076,1909f56bfc062723c751e8b465ee728b)
Start importing Assets/Scenes/HouseInterior.unity using Guid(4ab97fad0d573c54eb3a6663af667971) Importer(815301076,1909f56bfc062723c751e8b465ee728b)  -> (artifact id: '1f6947b45d7de7f48e6d46f03b98f4f3') in 0.038057 seconds
  Import took 0.043746 seconds .

AssetImportWorkerClient::OnTransportError - code=2 error=End of file
